auth svr: 10.10.8.162
username: 81007156
password: 890309
mac: 0x7831c1c5f3c
bind ip: 0.0.0.0
[challenge] recv 0202d1c23d72020001000100f303e8f000000000ac145713f000a8a80000e659f16700000000dc020000010020010da8c800ffff000000000000f01200000000000000000000000000000000
[DEBUG] challenge:
0202d1c23d72020001000100f303e8f000000000ac145713f000a8a80000e659f16700000000dc020000010020010da8c800ffff000000000000f01200000000000000000000000000000000
[challenge] challenge packet sent.
[mkpkt] 0301001cc7c431ecf00daa6f422d21f7db16cef93831303037313536000000000000000000000000000000000000000000000000000000002001bff5f02903c77e4f6a4e91721dc769361fc6089a6bad01c0a8f064000000000000000000000000ffa316952defa5ad01000000006d6270416e742e6c6f63616c0000000000000000000000000000000000000000caca002108080808000000000000000000000000940000000500000001000000280a000002000000706f7369780000000000000000000000000000000000000000000000000000000000000000000000000000000000000000000000000000000000000000000000000000000000000000000000000000000000000000000000000000000000000000000000000000000000000000000000000000000000000000000000000000000a00020c306edb0600007831c1c5f3ca0000e913
[login] send 0301001cc7c431ecf00daa6f422d21f7db16cef93831303037313536000000000000000000000000000000000000000000000000000000002001bff5f02903c77e4f6a4e91721dc769361fc6089a6bad01c0a8f064000000000000000000000000ffa316952defa5ad01000000006d6270416e742e6c6f63616c0000000000000000000000000000000000000000caca002108080808000000000000000000000000940000000500000001000000280a000002000000706f7369780000000000000000000000000000000000000000000000000000000000000000000000000000000000000000000000000000000000000000000000000000000000000000000000000000000000000000000000000000000000000000000000000000000000000000000000000000000000000000000000000000000a00020c306edb0600007831c1c5f3ca0000e913
[login] recv 04000005009b4a0000dc4e8b01ffffffffff00000000004472636f0a0a08a2b606ac1457130185b00500030100
[login] packet sent.
[login] loged in
[login] login sent
package_tail 4472636f0a0a08a2b606ac1457130185
starting to empty socket buffer
recived sth unexpected 4d383077d6c2c8abd0a3caa6c9fa3a0d0aceaabccdc4eeced2d0a3bda8d0a33930d6dcc4ea2cced2d0a3c1aabacfd6d8c7ecd2c6b6afd4da32303139c4ea3130d4c2c6dabce4ceaac8abd0a3caa6c9fad2c6b6afd3c3bba7c3e2b7d1bfaacda8ceaac6dad2bbb8f6d4c2b5c4266c743bd6d8c7ecb4f3d1a73930d6dcc4ead0a3c7eccad3c6b5b2cac1e52667743b2c3130d4c2b5d7bbe1d7d4b6afc8a1cffb2cc6dabce4b2bbbbe1b2fac9fac8cebaceb7d1d3c32e0d0ad6d8c7ecb4f3d1a7d0a3b3a4b0ecb9abcad200
exception in empty_socket_buffer
emptyed
[keep_alive1] send ffc7c431ecf00daa6f422d21f7db16cef90000004472636f0a0a08a2b606ac1457130185c22b00000000
[keep-alive1] recv 070110000600c22b552bc801ac145713a8a80000e659f16700000000dc0200000300000000000000090000009b4a0000dc4e8b01ffffffffffffffffffffffff0000000000000000
[keep-alive2] send1 070028000b010f272f12000000000000000000000000000000000000000000000000000000000000
[keep-alive2] recv1 070010010b06dc022f12000000000000a8a80000e659f16700000000dc0200004d5a90000300000004000000ffff0000b800000000000000400000000000000000000000000000000000000000000000000000000000000000000000080100000e1fba0e00b409cd21b8014ccd21546869732070726f6772616d2063616e6e6f742062652072756e20696e20444f53206d6f64652e0d0d0a24000000000000007cc3835a38a2ed0938a2ed0938a2ed096181fe093aa2ed0943bee10939a2ed09bbaab00932a2ed09bbbee3093aa2ed0957bde60939a2ed0957bde7093da2ed0957bde9093aa2ed0938a2ec0981a2ed090e84e9093ba2ed090e84e60930a2ed09ffa4eb0939a2ed09c782e9093ba2ed09
[keep-alive2] recv file, resending..
[keep-alive2] send2 070128000b01dc022f12000000000000000000000000000000000000000000000000000000000000
[keep-alive2] recv2 070128000b02dc022f12000000000000552bc8010000000000000000000000000000000000000000
[keep-alive2] send3 070228000b03dc022f12000000000000552bc8010000000000000000c0a8f0640000000000000000
[keep-alive2] recv3 070228000b04dc022f12000000000000552bc8010000000000000000000000000000000000000000
[keep-alive2] keep-alive2 loop was in daemon.
auth svr: 10.10.8.162
username: 
password: 
mac: 0x7831c1c5f3c
bind ip: 0.0.0.0
[challenge] recv 020217ca8c72020001000100f303e8f000000000ac145713f000a8a80000e659f16700000000dc020000010020010da8c800ffff000000000000f01200000000000000000000000000000000
[DEBUG] challenge:
020217ca8c72020001000100f303e8f000000000ac145713f000a8a80000e659f16700000000dc020000010020010da8c800ffff000000000000f01200000000000000000000000000000000
[challenge] challenge packet sent.
[mkpkt] 03010014410f04c65c32e2f1df34639bef8d777d0000000000000000000000000000000000000000000000000000000000000000000000002001393ec503aff85258242734a2d7055dd0fc4d26ab473401c0a8f0640000000000000000000000008b10cebd53324f9901000000006d6270416e742e6c6f63616c0000000000000000000000000000000000000000caca002108080808000000000000000000000000940000000500000001000000280a000002000000706f7369780000000000000000000000000000000000000000000000000000000000000000000000000000000000000000000000000000000000000000000000000000000000000000000000000000000000000000000000000000000000000000000000000000000000000000000000000000000000000000000000000000000a00020c508b95e400007831c1c5f3ca0000e913
[login] send 03010014410f04c65c32e2f1df34639bef8d777d0000000000000000000000000000000000000000000000000000000000000000000000002001393ec503aff85258242734a2d7055dd0fc4d26ab473401c0a8f0640000000000000000000000008b10cebd53324f9901000000006d6270416e742e6c6f63616c0000000000000000000000000000000000000000caca002108080808000000000000000000000000940000000500000001000000280a000002000000706f7369780000000000000000000000000000000000000000000000000000000000000000000000000000000000000000000000000000000000000000000000000000000000000000000000000000000000000000000000000000000000000000000000000000000000000000000000000000000000000000000000000000000a00020c508b95e400007831c1c5f3ca0000e913
auth svr: 10.10.8.162
username: 81007156
password: 890309
mac: 0x7831c1c5f3c
bind ip: 0.0.0.0
[challenge] recv 0202b0c98e72020001000100f303e8f000000000ac145713f000a8a80000e659f16700000000dc020000010020010da8c800ffff000000000000f01200000000000000000000000000000000
[DEBUG] challenge:
0202b0c98e72020001000100f303e8f000000000ac145713f000a8a80000e659f16700000000dc020000010020010da8c800ffff000000000000f01200000000000000000000000000000000
[challenge] challenge packet sent.
[mkpkt] 0301001c59141fb7c91340f17bf9c2c573c726ac38313030373135360000000000000000000000000000000000000000000000000000000020012125de723ad91fa77a0dc39e3897a9838ce9ae11bd5301c0a8f064000000000000000000000000615c6626529f10fa01000000006d6270416e742e6c6f63616c0000000000000000000000000000000000000000caca002108080808000000000000000000000000940000000500000001000000280a000002000000706f7369780000000000000000000000000000000000000000000000000000000000000000000000000000000000000000000000000000000000000000000000000000000000000000000000000000000000000000000000000000000000000000000000000000000000000000000000000000000000000000000000000000000a00020c002bcddd00007831c1c5f3ca0000e913
[login] send 0301001c59141fb7c91340f17bf9c2c573c726ac38313030373135360000000000000000000000000000000000000000000000000000000020012125de723ad91fa77a0dc39e3897a9838ce9ae11bd5301c0a8f064000000000000000000000000615c6626529f10fa01000000006d6270416e742e6c6f63616c0000000000000000000000000000000000000000caca002108080808000000000000000000000000940000000500000001000000280a000002000000706f7369780000000000000000000000000000000000000000000000000000000000000000000000000000000000000000000000000000000000000000000000000000000000000000000000000000000000000000000000000000000000000000000000000000000000000000000000000000000000000000000000000000000a00020c002bcddd00007831c1c5f3ca0000e913
[login] recv 0400000500ba4a0000471d8c01ffffffffff00000000004472636f0a0a08a29433ac1457130158b00500030100
[login] packet sent.
[login] loged in
[login] login sent
package_tail 4472636f0a0a08a29433ac1457130158
starting to empty socket buffer
recived sth unexpected 4d38d042d6c2c8abd0a3caa6c9fa3a0d0aceaabccdc4eeced2d0a3bda8d0a33930d6dcc4ea2cced2d0a3c1aabacfd6d8c7ecd2c6b6afd4da32303139c4ea3130d4c2c6dabce4ceaac8abd0a3caa6c9fad2c6b6afd3c3bba7c3e2b7d1bfaacda8ceaac6dad2bbb8f6d4c2b5c4266c743bd6d8c7ecb4f3d1a73930d6dcc4ead0a3c7eccad3c6b5b2cac1e52667743b2c3130d4c2b5d7bbe1d7d4b6afc8a1cffb2cc6dabce4b2bbbbe1b2fac9fac8cebaceb7d1d3c32e0d0ad6d8c7ecb4f3d1a7d0a3b3a4b0ecb9abcad200
exception in empty_socket_buffer
emptyed
[keep_alive1] send ff59141fb7c91340f17bf9c2c573c726ac0000004472636f0a0a08a29433ac1457130158c94500000000
[keep-alive1] recv 070110000600c9451c72c801ac145713a8a80000e659f16700000000dc02000003000000000000000c000000ba4a0000471d8c01ffffffffffffffffffffffff0000000000000000
[keep-alive2] send1 070028000b010f272f12000000000000000000000000000000000000000000000000000000000000
[keep-alive2] recv1 070010010b06dc022f12000000000000a8a80000e659f16700000000dc0200004d5a90000300000004000000ffff0000b800000000000000400000000000000000000000000000000000000000000000000000000000000000000000080100000e1fba0e00b409cd21b8014ccd21546869732070726f6772616d2063616e6e6f742062652072756e20696e20444f53206d6f64652e0d0d0a24000000000000007cc3835a38a2ed0938a2ed0938a2ed096181fe093aa2ed0943bee10939a2ed09bbaab00932a2ed09bbbee3093aa2ed0957bde60939a2ed0957bde7093da2ed0957bde9093aa2ed0938a2ec0981a2ed090e84e9093ba2ed090e84e60930a2ed09ffa4eb0939a2ed09c782e9093ba2ed09
[keep-alive2] recv file, resending..
[keep-alive2] send2 070128000b01dc022f12000000000000000000000000000000000000000000000000000000000000
[keep-alive2] recv2 070128000b02dc022f120000000000001c72c8010000000000000000000000000000000000000000
[keep-alive2] send3 070228000b03dc022f120000000000001c72c8010000000000000000c0a8f0640000000000000000
[keep-alive2] recv3 070228000b04dc022f120000000000001c72c8010000000000000000000000000000000000000000
[keep-alive2] keep-alive2 loop was in daemon.
